2025-07-17 16:32:43,235 - INFO - Found 30548 products to convert
2025-07-17 16:32:43,306 - INFO - Processed 100 products...
2025-07-17 16:32:43,423 - INFO - Processed 200 products...
2025-07-17 16:32:43,472 - INFO - Processed 300 products...
2025-07-17 16:32:43,516 - INFO - Processed 400 products...
2025-07-17 16:32:43,565 - INFO - Processed 500 products...
2025-07-17 16:32:43,614 - INFO - Processed 600 products...
2025-07-17 16:32:43,658 - INFO - Processed 700 products...
2025-07-17 16:32:43,700 - INFO - Processed 800 products...
2025-07-17 16:32:43,741 - INFO - Processed 900 products...
2025-07-17 16:32:43,782 - INFO - Processed 1000 products...
2025-07-17 16:32:43,823 - INFO - Processed 1100 products...
2025-07-17 16:32:43,863 - INFO - Processed 1200 products...
2025-07-17 16:32:43,904 - INFO - Processed 1300 products...
2025-07-17 16:32:43,946 - INFO - Processed 1400 products...
2025-07-17 16:32:44,021 - INFO - Processed 1500 products...
2025-07-17 16:32:44,064 - INFO - Processed 1600 products...
2025-07-17 16:32:44,108 - INFO - Processed 1700 products...
2025-07-17 16:32:44,160 - INFO - Processed 1800 products...
2025-07-17 16:32:44,205 - INFO - Processed 1900 products...
2025-07-17 16:32:44,249 - INFO - Processed 2000 products...
2025-07-17 16:32:44,293 - INFO - Processed 2100 products...
2025-07-17 16:32:44,338 - INFO - Processed 2200 products...
2025-07-17 16:32:44,387 - INFO - Processed 2300 products...
2025-07-17 16:32:44,433 - INFO - Processed 2400 products...
2025-07-17 16:32:44,498 - INFO - Processed 2500 products...
2025-07-17 16:32:44,540 - INFO - Processed 2600 products...
2025-07-17 16:32:44,582 - INFO - Processed 2700 products...
2025-07-17 16:32:44,625 - INFO - Processed 2800 products...
2025-07-17 16:32:44,673 - INFO - Processed 2900 products...
2025-07-17 16:32:44,720 - INFO - Processed 3000 products...
2025-07-17 16:32:44,769 - INFO - Processed 3100 products...
2025-07-17 16:32:44,819 - INFO - Processed 3200 products...
2025-07-17 16:32:44,880 - INFO - Processed 3300 products...
2025-07-17 16:32:44,939 - INFO - Processed 3400 products...
2025-07-17 16:32:44,991 - INFO - Processed 3500 products...
2025-07-17 16:32:45,082 - INFO - Processed 3600 products...
2025-07-17 16:32:45,136 - INFO - Processed 3700 products...
2025-07-17 16:32:45,187 - INFO - Processed 3800 products...
2025-07-17 16:32:45,237 - INFO - Processed 3900 products...
2025-07-17 16:32:45,289 - INFO - Processed 4000 products...
2025-07-17 16:32:45,337 - INFO - Processed 4100 products...
2025-07-17 16:32:45,385 - INFO - Processed 4200 products...
2025-07-17 16:32:45,433 - INFO - Processed 4300 products...
2025-07-17 16:32:45,480 - INFO - Processed 4400 products...
2025-07-17 16:32:45,527 - INFO - Processed 4500 products...
2025-07-17 16:32:45,610 - INFO - Processed 4600 products...
2025-07-17 16:32:45,655 - INFO - Processed 4700 products...
2025-07-17 16:32:45,705 - INFO - Processed 4800 products...
2025-07-17 16:32:45,753 - INFO - Processed 4900 products...
2025-07-17 16:32:45,800 - INFO - Processed 5000 products...
2025-07-17 16:32:45,848 - INFO - Processed 5100 products...
2025-07-17 16:32:45,900 - INFO - Processed 5200 products...
2025-07-17 16:32:45,951 - INFO - Processed 5300 products...
2025-07-17 16:32:46,002 - INFO - Processed 5400 products...
2025-07-17 16:32:46,052 - INFO - Processed 5500 products...
2025-07-17 16:32:46,144 - INFO - Processed 5600 products...
2025-07-17 16:32:46,196 - INFO - Processed 5700 products...
2025-07-17 16:32:46,246 - INFO - Processed 5800 products...
2025-07-17 16:32:46,294 - INFO - Processed 5900 products...
2025-07-17 16:32:46,342 - INFO - Processed 6000 products...
2025-07-17 16:32:46,389 - INFO - Processed 6100 products...
2025-07-17 16:32:46,438 - INFO - Processed 6200 products...
2025-07-17 16:32:46,486 - INFO - Processed 6300 products...
2025-07-17 16:32:46,532 - INFO - Processed 6400 products...
2025-07-17 16:32:46,579 - INFO - Processed 6500 products...
2025-07-17 16:32:46,663 - INFO - Processed 6600 products...
2025-07-17 16:32:46,711 - INFO - Processed 6700 products...
2025-07-17 16:32:46,756 - INFO - Processed 6800 products...
2025-07-17 16:32:46,802 - INFO - Processed 6900 products...
2025-07-17 16:32:46,853 - INFO - Processed 7000 products...
2025-07-17 16:32:46,900 - INFO - Processed 7100 products...
2025-07-17 16:32:46,946 - INFO - Processed 7200 products...
2025-07-17 16:32:46,991 - INFO - Processed 7300 products...
2025-07-17 16:32:47,034 - INFO - Processed 7400 products...
2025-07-17 16:32:47,077 - INFO - Processed 7500 products...
2025-07-17 16:32:47,120 - INFO - Processed 7600 products...
2025-07-17 16:32:47,203 - INFO - Processed 7700 products...
2025-07-17 16:32:47,247 - INFO - Processed 7800 products...
2025-07-17 16:32:47,289 - INFO - Processed 7900 products...
2025-07-17 16:32:47,333 - INFO - Processed 8000 products...
2025-07-17 16:32:47,381 - INFO - Processed 8100 products...
2025-07-17 16:32:47,429 - INFO - Processed 8200 products...
2025-07-17 16:32:47,478 - INFO - Processed 8300 products...
2025-07-17 16:32:47,522 - INFO - Processed 8400 products...
2025-07-17 16:32:47,564 - INFO - Processed 8500 products...
2025-07-17 16:32:47,612 - INFO - Processed 8600 products...
2025-07-17 16:32:47,702 - INFO - Processed 8700 products...
2025-07-17 16:32:47,748 - INFO - Processed 8800 products...
2025-07-17 16:32:47,795 - INFO - Processed 8900 products...
2025-07-17 16:32:47,842 - INFO - Processed 9000 products...
2025-07-17 16:32:47,894 - INFO - Processed 9100 products...
2025-07-17 16:32:47,942 - INFO - Processed 9200 products...
2025-07-17 16:32:47,994 - INFO - Processed 9300 products...
2025-07-17 16:32:48,040 - INFO - Processed 9400 products...
2025-07-17 16:32:48,088 - INFO - Processed 9500 products...
2025-07-17 16:32:48,133 - INFO - Processed 9600 products...
2025-07-17 16:32:48,177 - INFO - Processed 9700 products...
2025-07-17 16:32:48,260 - INFO - Processed 9800 products...
2025-07-17 16:32:48,302 - INFO - Processed 9900 products...
2025-07-17 16:32:48,345 - INFO - Processed 10000 products...
2025-07-17 16:32:48,390 - INFO - Processed 10100 products...
2025-07-17 16:32:48,431 - INFO - Processed 10200 products...
2025-07-17 16:32:48,473 - INFO - Processed 10300 products...
2025-07-17 16:32:48,516 - INFO - Processed 10400 products...
2025-07-17 16:32:48,556 - INFO - Processed 10500 products...
2025-07-17 16:32:48,602 - INFO - Processed 10600 products...
2025-07-17 16:32:48,644 - INFO - Processed 10700 products...
2025-07-17 16:32:48,702 - INFO - Processed 10800 products...
2025-07-17 16:32:48,743 - INFO - Processed 10900 products...
2025-07-17 16:32:48,785 - INFO - Processed 11000 products...
2025-07-17 16:32:48,827 - INFO - Processed 11100 products...
2025-07-17 16:32:48,870 - INFO - Processed 11200 products...
2025-07-17 16:32:48,911 - INFO - Processed 11300 products...
2025-07-17 16:32:48,956 - INFO - Processed 11400 products...
2025-07-17 16:32:48,997 - INFO - Processed 11500 products...
2025-07-17 16:32:49,037 - INFO - Processed 11600 products...
2025-07-17 16:32:49,079 - INFO - Processed 11700 products...
2025-07-17 16:32:49,120 - INFO - Processed 11800 products...
2025-07-17 16:32:49,184 - INFO - Processed 11900 products...
2025-07-17 16:32:49,228 - INFO - Processed 12000 products...
2025-07-17 16:32:49,269 - INFO - Processed 12100 products...
2025-07-17 16:32:49,314 - INFO - Processed 12200 products...
2025-07-17 16:32:49,360 - INFO - Processed 12300 products...
2025-07-17 16:32:49,410 - INFO - Processed 12400 products...
2025-07-17 16:32:49,454 - INFO - Processed 12500 products...
2025-07-17 16:32:49,503 - INFO - Processed 12600 products...
2025-07-17 16:32:49,555 - INFO - Processed 12700 products...
2025-07-17 16:32:49,617 - INFO - Processed 12800 products...
2025-07-17 16:32:49,693 - INFO - Processed 12900 products...
2025-07-17 16:32:49,775 - INFO - Processed 13000 products...
2025-07-17 16:32:49,826 - INFO - Processed 13100 products...
2025-07-17 16:32:49,874 - INFO - Processed 13200 products...
2025-07-17 16:32:49,921 - INFO - Processed 13300 products...
2025-07-17 16:32:49,966 - INFO - Processed 13400 products...
2025-07-17 16:32:50,014 - INFO - Processed 13500 products...
2025-07-17 16:32:50,076 - INFO - Processed 13600 products...
2025-07-17 16:32:50,126 - INFO - Processed 13700 products...
2025-07-17 16:32:50,175 - INFO - Processed 13800 products...
2025-07-17 16:32:50,231 - INFO - Processed 13900 products...
2025-07-17 16:32:50,284 - INFO - Processed 14000 products...
2025-07-17 16:32:50,382 - INFO - Processed 14100 products...
2025-07-17 16:32:50,432 - INFO - Processed 14200 products...
2025-07-17 16:32:50,485 - INFO - Processed 14300 products...
2025-07-17 16:32:50,533 - INFO - Processed 14400 products...
2025-07-17 16:32:50,582 - INFO - Processed 14500 products...
2025-07-17 16:32:50,647 - INFO - Processed 14600 products...
2025-07-17 16:32:50,712 - INFO - Processed 14700 products...
2025-07-17 16:32:50,770 - INFO - Processed 14800 products...
2025-07-17 16:32:50,833 - INFO - Processed 14900 products...
2025-07-17 16:32:50,888 - INFO - Processed 15000 products...
2025-07-17 16:32:50,937 - INFO - Processed 15100 products...
2025-07-17 16:32:51,023 - INFO - Processed 15200 products...
2025-07-17 16:32:51,070 - INFO - Processed 15300 products...
2025-07-17 16:32:51,125 - INFO - Processed 15400 products...
2025-07-17 16:32:51,180 - INFO - Processed 15500 products...
2025-07-17 16:32:51,225 - INFO - Processed 15600 products...
2025-07-17 16:32:51,273 - INFO - Processed 15700 products...
2025-07-17 16:32:51,322 - INFO - Processed 15800 products...
2025-07-17 16:32:51,368 - INFO - Processed 15900 products...
2025-07-17 16:32:51,414 - INFO - Processed 16000 products...
2025-07-17 16:32:51,459 - INFO - Processed 16100 products...
2025-07-17 16:32:51,507 - INFO - Processed 16200 products...
2025-07-17 16:32:51,609 - INFO - Processed 16300 products...
2025-07-17 16:32:51,657 - INFO - Processed 16400 products...
2025-07-17 16:32:51,700 - INFO - Processed 16500 products...
2025-07-17 16:32:51,745 - INFO - Processed 16600 products...
2025-07-17 16:32:51,787 - INFO - Processed 16700 products...
2025-07-17 16:32:51,829 - INFO - Processed 16800 products...
2025-07-17 16:32:51,871 - INFO - Processed 16900 products...
2025-07-17 16:32:51,918 - INFO - Processed 17000 products...
2025-07-17 16:32:51,959 - INFO - Processed 17100 products...
2025-07-17 16:32:52,006 - INFO - Processed 17200 products...
2025-07-17 16:32:52,098 - INFO - Processed 17300 products...
2025-07-17 16:32:52,141 - INFO - Processed 17400 products...
2025-07-17 16:32:52,188 - INFO - Processed 17500 products...
2025-07-17 16:32:52,240 - INFO - Processed 17600 products...
2025-07-17 16:32:52,283 - INFO - Processed 17700 products...
2025-07-17 16:32:52,367 - INFO - Processed 17800 products...
2025-07-17 16:32:52,417 - INFO - Processed 17900 products...
2025-07-17 16:32:52,468 - INFO - Processed 18000 products...
2025-07-17 16:32:52,511 - INFO - Processed 18100 products...
2025-07-17 16:32:52,556 - INFO - Processed 18200 products...
2025-07-17 16:32:52,598 - INFO - Processed 18300 products...
2025-07-17 16:32:52,688 - INFO - Processed 18400 products...
2025-07-17 16:32:52,762 - INFO - Processed 18500 products...
2025-07-17 16:32:52,832 - INFO - Processed 18600 products...
2025-07-17 16:32:52,897 - INFO - Processed 18700 products...
2025-07-17 16:32:52,976 - INFO - Processed 18800 products...
2025-07-17 16:32:53,037 - INFO - Processed 18900 products...
2025-07-17 16:32:53,121 - INFO - Processed 19000 products...
2025-07-17 16:32:53,177 - INFO - Processed 19100 products...
2025-07-17 16:32:53,221 - INFO - Processed 19200 products...
2025-07-17 16:32:53,263 - INFO - Processed 19300 products...
2025-07-17 16:32:53,311 - INFO - Processed 19400 products...
2025-07-17 16:32:53,402 - INFO - Processed 19500 products...
2025-07-17 16:32:53,473 - INFO - Processed 19600 products...
2025-07-17 16:32:53,549 - INFO - Processed 19700 products...
2025-07-17 16:32:53,664 - INFO - Processed 19800 products...
2025-07-17 16:32:53,737 - INFO - Processed 19900 products...
2025-07-17 16:32:53,809 - INFO - Processed 20000 products...
2025-07-17 16:32:53,875 - INFO - Processed 20100 products...
2025-07-17 16:32:53,944 - INFO - Processed 20200 products...
2025-07-17 16:32:54,017 - INFO - Processed 20300 products...
2025-07-17 16:32:54,077 - INFO - Processed 20400 products...
2025-07-17 16:32:54,174 - INFO - Processed 20500 products...
2025-07-17 16:32:54,229 - INFO - Processed 20600 products...
2025-07-17 16:32:54,276 - INFO - Processed 20700 products...
2025-07-17 16:32:54,324 - INFO - Processed 20800 products...
2025-07-17 16:32:54,366 - INFO - Processed 20900 products...
2025-07-17 16:32:54,412 - INFO - Processed 21000 products...
2025-07-17 16:32:54,460 - INFO - Processed 21100 products...
2025-07-17 16:32:54,507 - INFO - Processed 21200 products...
2025-07-17 16:32:54,550 - INFO - Processed 21300 products...
2025-07-17 16:32:54,591 - INFO - Processed 21400 products...
2025-07-17 16:32:54,633 - INFO - Processed 21500 products...
2025-07-17 16:32:54,752 - INFO - Processed 21600 products...
2025-07-17 16:32:54,802 - INFO - Processed 21700 products...
2025-07-17 16:32:54,853 - INFO - Processed 21800 products...
2025-07-17 16:32:54,897 - INFO - Processed 21900 products...
2025-07-17 16:32:54,952 - INFO - Processed 22000 products...
2025-07-17 16:32:55,006 - INFO - Processed 22100 products...
2025-07-17 16:32:55,073 - INFO - Processed 22200 products...
2025-07-17 16:32:51,003 - INFO - Processed 22300 products...
2025-07-17 16:32:51,048 - INFO - Processed 22400 products...
2025-07-17 16:32:51,091 - INFO - Processed 22500 products...
2025-07-17 16:32:51,169 - INFO - Processed 22600 products...
2025-07-17 16:32:58,669 - INFO - Processed 22700 products...
2025-07-17 16:32:58,715 - INFO - Processed 22800 products...
2025-07-17 16:32:58,762 - INFO - Processed 22900 products...
2025-07-17 16:32:58,809 - INFO - Processed 23000 products...
2025-07-17 16:32:58,857 - INFO - Processed 23100 products...
2025-07-17 16:32:58,913 - INFO - Processed 23200 products...
2025-07-17 16:32:58,965 - INFO - Processed 23300 products...
2025-07-17 16:32:59,032 - INFO - Processed 23400 products...
2025-07-17 16:32:59,081 - INFO - Processed 23500 products...
2025-07-17 16:32:59,129 - INFO - Processed 23600 products...
2025-07-17 16:32:59,254 - INFO - Processed 23700 products...
2025-07-17 16:32:59,303 - INFO - Processed 23800 products...
2025-07-17 16:32:59,356 - INFO - Processed 23900 products...
2025-07-17 16:32:59,403 - INFO - Processed 24000 products...
2025-07-17 16:32:59,447 - INFO - Processed 24100 products...
2025-07-17 16:32:59,490 - INFO - Processed 24200 products...
2025-07-17 16:32:59,535 - INFO - Processed 24300 products...
2025-07-17 16:32:59,580 - INFO - Processed 24400 products...
2025-07-17 16:32:59,626 - INFO - Processed 24500 products...
2025-07-17 16:32:59,673 - INFO - Processed 24600 products...
2025-07-17 16:32:59,752 - INFO - Processed 24700 products...
2025-07-17 16:32:59,796 - INFO - Processed 24800 products...
2025-07-17 16:32:59,838 - INFO - Processed 24900 products...
2025-07-17 16:32:59,881 - INFO - Processed 25000 products...
2025-07-17 16:32:59,925 - INFO - Processed 25100 products...
2025-07-17 16:32:59,969 - INFO - Processed 25200 products...
2025-07-17 16:33:00,011 - INFO - Processed 25300 products...
2025-07-17 16:33:00,058 - INFO - Processed 25400 products...
2025-07-17 16:33:00,105 - INFO - Processed 25500 products...
2025-07-17 16:33:00,153 - INFO - Processed 25600 products...
2025-07-17 16:33:00,201 - INFO - Processed 25700 products...
2025-07-17 16:33:00,323 - INFO - Processed 25800 products...
2025-07-17 16:33:00,368 - INFO - Processed 25900 products...
2025-07-17 16:33:00,412 - INFO - Processed 26000 products...
2025-07-17 16:33:00,458 - INFO - Processed 26100 products...
2025-07-17 16:33:00,503 - INFO - Processed 26200 products...
2025-07-17 16:33:00,550 - INFO - Processed 26300 products...
2025-07-17 16:33:00,596 - INFO - Processed 26400 products...
2025-07-17 16:33:00,643 - INFO - Processed 26500 products...
2025-07-17 16:33:00,687 - INFO - Processed 26600 products...
2025-07-17 16:33:00,732 - INFO - Processed 26700 products...
2025-07-17 16:33:00,813 - INFO - Processed 26800 products...
2025-07-17 16:33:00,859 - INFO - Processed 26900 products...
2025-07-17 16:33:00,904 - INFO - Processed 27000 products...
2025-07-17 16:33:00,948 - INFO - Processed 27100 products...
2025-07-17 16:33:00,994 - INFO - Processed 27200 products...
2025-07-17 16:33:01,040 - INFO - Processed 27300 products...
2025-07-17 16:33:01,083 - INFO - Processed 27400 products...
2025-07-17 16:33:01,128 - INFO - Processed 27500 products...
2025-07-17 16:33:01,170 - INFO - Processed 27600 products...
2025-07-17 16:33:01,213 - INFO - Processed 27700 products...
2025-07-17 16:33:01,256 - INFO - Processed 27800 products...
2025-07-17 16:33:01,325 - INFO - Processed 27900 products...
2025-07-17 16:33:01,368 - INFO - Processed 28000 products...
2025-07-17 16:33:01,460 - INFO - Processed 28100 products...
2025-07-17 16:33:01,502 - INFO - Processed 28200 products...
2025-07-17 16:33:01,544 - INFO - Processed 28300 products...
2025-07-17 16:33:01,585 - INFO - Processed 28400 products...
2025-07-17 16:33:01,629 - INFO - Processed 28500 products...
2025-07-17 16:33:01,671 - INFO - Processed 28600 products...
2025-07-17 16:33:01,713 - INFO - Processed 28700 products...
2025-07-17 16:33:01,757 - INFO - Processed 28800 products...
2025-07-17 16:33:01,799 - INFO - Processed 28900 products...
2025-07-17 16:33:01,867 - INFO - Processed 29000 products...
2025-07-17 16:33:01,910 - INFO - Processed 29100 products...
2025-07-17 16:33:01,955 - INFO - Processed 29200 products...
2025-07-17 16:33:02,002 - INFO - Processed 29300 products...
2025-07-17 16:33:02,046 - INFO - Processed 29400 products...
2025-07-17 16:33:02,093 - INFO - Processed 29500 products...
2025-07-17 16:33:02,135 - INFO - Processed 29600 products...
2025-07-17 16:33:02,179 - INFO - Processed 29700 products...
2025-07-17 16:33:02,221 - INFO - Processed 29800 products...
2025-07-17 16:33:02,264 - INFO - Processed 29900 products...
2025-07-17 16:33:02,307 - INFO - Processed 30000 products...
2025-07-17 16:33:02,395 - INFO - Processed 30100 products...
2025-07-17 16:33:02,484 - INFO - Processed 30200 products...
2025-07-17 16:33:02,530 - INFO - Processed 30300 products...
2025-07-17 16:33:02,575 - INFO - Processed 30400 products...
2025-07-17 16:33:02,618 - INFO - Processed 30500 products...
2025-07-17 16:33:02,641 - INFO - 
Conversion completed:
- Total: 30548
- Success: 30548
- Errors: 0
            
